Release 14.7 Map P.20131013 (nt64)
Xilinx Mapping Report File for Design 'memory'

Design Information
------------------
Command Line   : map -intstyle ise -p xc6slx9-tqg144-2 -w -logic_opt off -ol
high -t 1 -xt 0 -register_duplication off -r 4 -global_opt off -mt off -ir off
-pr off -lc off -power off -o memory_map.ncd memory.ngd memory.pcf 
Target Device  : xc6slx9
Target Package : tqg144
Target Speed   : -2
Mapper Version : spartan6 -- $Revision: 1.55 $
Mapped Date    : Thu May 20 13:59:33 2021

Design Summary
--------------
Number of errors:      0
Number of warnings:    0
Slice Logic Utilization:
  Number of Slice Registers:                 4,096 out of  11,440   35%
    Number used as Flip Flops:                   0
    Number used as Latches:                  4,096
    Number used as Latch-thrus:                  0
    Number used as AND/OR logics:                0
  Number of Slice LUTs:                      1,417 out of   5,720   24%
    Number used as logic:                    1,417 out of   5,720   24%
      Number using O6 output only:           1,344
      Number using O5 output only:               0
      Number using O5 and O6:                   73
      Number used as ROM:                        0
    Number used as Memory:                       0 out of   1,440    0%

Slice Logic Distribution:
  Number of occupied Slices:                 1,100 out of   1,430   76%
  Number of MUXCYs used:                         0 out of   2,860    0%
  Number of LUT Flip Flop pairs used:        4,294
    Number with an unused Flip Flop:           198 out of   4,294    4%
    Number with an unused LUT:               2,877 out of   4,294   67%
    Number of fully used LUT-FF pairs:       1,219 out of   4,294   28%
    Number of unique control sets:             128
    Number of slice register sites lost
      to control set restrictions:               0 out of  11,440    0%

  A LUT Flip Flop pair for this architecture represents one LUT paired with
  one Flip Flop within a slice.  A control set is a unique combination of
  clock, reset, set, and enable signals for a registered element.
  The Slice Logic Distribution report is not meaningful if the design is
  over-mapped for a non-slice resource or if Placement fails.

IO Utilization:
  Number of bonded IOBs:                        73 out of     102   71%
    IOB Latches:                                32

Specific Feature Utilization:
  Number of RAMB16BWERs:                         0 out of      32    0%
  Number of RAMB8BWERs:                          0 out of      64    0%
  Number of BUFIO2/BUFIO2_2CLKs:                 0 out of      32    0%
  Number of BUFIO2FB/BUFIO2FB_2CLKs:             0 out of      32    0%
  Number of BUFG/BUFGMUXs:                       2 out of      16   12%
    Number used as BUFGs:                        2
    Number used as BUFGMUX:                      0
  Number of DCM/DCM_CLKGENs:                     0 out of       4    0%
  Number of ILOGIC2/ISERDES2s:                   0 out of     200    0%
  Number of IODELAY2/IODRP2/IODRP2_MCBs:         0 out of     200    0%
  Number of OLOGIC2/OSERDES2s:                  32 out of     200   16%
    Number used as OLOGIC2s:                    32
    Number used as OSERDES2s:                    0
  Number of BSCANs:                              0 out of       4    0%
  Number of BUFHs:                               0 out of     128    0%
  Number of BUFPLLs:                             0 out of       8    0%
  Number of BUFPLL_MCBs:                         0 out of       4    0%
  Number of DSP48A1s:                            0 out of      16    0%
  Number of ICAPs:                               0 out of       1    0%
  Number of MCBs:                                0 out of       2    0%
  Number of PCILOGICSEs:                         0 out of       2    0%
  Number of PLL_ADVs:                            0 out of       2    0%
  Number of PMVs:                                0 out of       1    0%
  Number of STARTUPs:                            0 out of       1    0%
  Number of SUSPEND_SYNCs:                       0 out of       1    0%

Average Fanout of Non-Clock Nets:                2.97

Peak Memory Usage:  410 MB
Total REAL time to MAP completion:  1 mins 4 secs 
Total CPU time to MAP completion:   42 secs 

Table of Contents
-----------------
Section 1 - Errors
Section 2 - Warnings
Section 3 - Informational
Section 4 - Removed Logic Summary
Section 5 - Removed Logic
Section 6 - IOB Properties
Section 7 - RPMs
Section 8 - Guide Report
Section 9 - Area Group and Partition Summary
Section 10 - Timing Report
Section 11 - Configuration String Information
Section 12 - Control Set Information
Section 13 - Utilization by Hierarchy

Section 1 - Errors
------------------

Section 2 - Warnings
--------------------

Section 3 - Informational
-------------------------
INFO:LIT:243 - Logical network MemAddr<1> has no load.
INFO:LIT:395 - The above info message is repeated 1 more times for the following
   (max. 5 shown):
   MemAddr<0>
   To see the details of these info messages, please use the -detail switch.
INFO:MapLib:562 - No environment variables are currently set.
INFO:LIT:244 - All of the single ended outputs in this design are using slew
   rate limited output drivers. The delay on speed critical single ended outputs
   can be dramatically reduced by designating them as fast outputs.
INFO:Pack:1716 - Initializing temperature to 85.000 Celsius. (default - Range:
   0.000 to 85.000 Celsius)
INFO:Pack:1720 - Initializing voltage to 1.140 Volts. (default - Range: 1.140 to
   1.260 Volts)
INFO:Map:215 - The Interim Design Summary has been generated in the MAP Report
   (.mrp).
INFO:Pack:1650 - Map created a placed design.

Section 4 - Removed Logic Summary
---------------------------------

Section 5 - Removed Logic
-------------------------

Section 6 - IOB Properties
--------------------------

+---------------------------------------------------------------------------------------------------------------------------------------------------------+
| IOB Name                           | Type             | Direction | IO Standard          | Diff  | Drive    | Slew | Reg (s)      | Resistor | IOB      |
|                                    |                  |           |                      | Term  | Strength | Rate |              |          | Delay    |
+---------------------------------------------------------------------------------------------------------------------------------------------------------+
| MemAddr<2>                         | IOB              | INPUT     | LVCMOS25             |       |          |      |              |          |          |
| MemAddr<3>                         | IOB              | INPUT     | LVCMOS25             |       |          |      |              |          |          |
| MemAddr<4>                         | IOB              | INPUT     | LVCMOS25             |       |          |      |              |          |          |
| MemAddr<5>                         | IOB              | INPUT     | LVCMOS25             |       |          |      |              |          |          |
| MemAddr<6>                         | IOB              | INPUT     | LVCMOS25             |       |          |      |              |          |          |
| MemAddr<7>                         | IOB              | INPUT     | LVCMOS25             |       |          |      |              |          |          |
| MemAddr<8>                         | IOB              | INPUT     | LVCMOS25             |       |          |      |              |          |          |
| MemRead                            | IOB              | INPUT     | LVCMOS25             |       |          |      |              |          |          |
| MemWrite                           | IOB              | INPUT     | LVCMOS25             |       |          |      |              |          |          |
| Read_Data<0>                       | IOB              | OUTPUT    | LVCMOS25             |       | 12       | SLOW | OLATCH       |          |          |
| Read_Data<1>                       | IOB              | OUTPUT    | LVCMOS25             |       | 12       | SLOW | OLATCH       |          |          |
| Read_Data<2>                       | IOB              | OUTPUT    | LVCMOS25             |       | 12       | SLOW | OLATCH       |          |          |
| Read_Data<3>                       | IOB              | OUTPUT    | LVCMOS25             |       | 12       | SLOW | OLATCH       |          |          |
| Read_Data<4>                       | IOB              | OUTPUT    | LVCMOS25             |       | 12       | SLOW | OLATCH       |          |          |
| Read_Data<5>                       | IOB              | OUTPUT    | LVCMOS25             |       | 12       | SLOW | OLATCH       |          |          |
| Read_Data<6>                       | IOB              | OUTPUT    | LVCMOS25             |       | 12       | SLOW | OLATCH       |          |          |
| Read_Data<7>                       | IOB              | OUTPUT    | LVCMOS25             |       | 12       | SLOW | OLATCH       |          |          |
| Read_Data<8>                       | IOB              | OUTPUT    | LVCMOS25             |       | 12       | SLOW | OLATCH       |          |          |
| Read_Data<9>                       | IOB              | OUTPUT    | LVCMOS25             |       | 12       | SLOW | OLATCH       |          |          |
| Read_Data<10>                      | IOB              | OUTPUT    | LVCMOS25             |       | 12       | SLOW | OLATCH       |          |          |
| Read_Data<11>                      | IOB              | OUTPUT    | LVCMOS25             |       | 12       | SLOW | OLATCH       |          |          |
| Read_Data<12>                      | IOB              | OUTPUT    | LVCMOS25             |       | 12       | SLOW | OLATCH       |          |          |
| Read_Data<13>                      | IOB              | OUTPUT    | LVCMOS25             |       | 12       | SLOW | OLATCH       |          |          |
| Read_Data<14>                      | IOB              | OUTPUT    | LVCMOS25             |       | 12       | SLOW | OLATCH       |          |          |
| Read_Data<15>                      | IOB              | OUTPUT    | LVCMOS25             |       | 12       | SLOW | OLATCH       |          |          |
| Read_Data<16>                      | IOB              | OUTPUT    | LVCMOS25             |       | 12       | SLOW | OLATCH       |          |          |
| Read_Data<17>                      | IOB              | OUTPUT    | LVCMOS25             |       | 12       | SLOW | OLATCH       |          |          |
| Read_Data<18>                      | IOB              | OUTPUT    | LVCMOS25             |       | 12       | SLOW | OLATCH       |          |          |
| Read_Data<19>                      | IOB              | OUTPUT    | LVCMOS25             |       | 12       | SLOW | OLATCH       |          |          |
| Read_Data<20>                      | IOB              | OUTPUT    | LVCMOS25             |       | 12       | SLOW | OLATCH       |          |          |
| Read_Data<21>                      | IOB              | OUTPUT    | LVCMOS25             |       | 12       | SLOW | OLATCH       |          |          |
| Read_Data<22>                      | IOB              | OUTPUT    | LVCMOS25             |       | 12       | SLOW | OLATCH       |          |          |
| Read_Data<23>                      | IOB              | OUTPUT    | LVCMOS25             |       | 12       | SLOW | OLATCH       |          |          |
| Read_Data<24>                      | IOB              | OUTPUT    | LVCMOS25             |       | 12       | SLOW | OLATCH       |          |          |
| Read_Data<25>                      | IOB              | OUTPUT    | LVCMOS25             |       | 12       | SLOW | OLATCH       |          |          |
| Read_Data<26>                      | IOB              | OUTPUT    | LVCMOS25             |       | 12       | SLOW | OLATCH       |          |          |
| Read_Data<27>                      | IOB              | OUTPUT    | LVCMOS25             |       | 12       | SLOW | OLATCH       |          |          |
| Read_Data<28>                      | IOB              | OUTPUT    | LVCMOS25             |       | 12       | SLOW | OLATCH       |          |          |
| Read_Data<29>                      | IOB              | OUTPUT    | LVCMOS25             |       | 12       | SLOW | OLATCH       |          |          |
| Read_Data<30>                      | IOB              | OUTPUT    | LVCMOS25             |       | 12       | SLOW | OLATCH       |          |          |
| Read_Data<31>                      | IOB              | OUTPUT    | LVCMOS25             |       | 12       | SLOW | OLATCH       |          |          |
| Write_Data<0>                      | IOB              | INPUT     | LVCMOS25             |       |          |      |              |          |          |
| Write_Data<1>                      | IOB              | INPUT     | LVCMOS25             |       |          |      |              |          |          |
| Write_Data<2>                      | IOB              | INPUT     | LVCMOS25             |       |          |      |              |          |          |
| Write_Data<3>                      | IOB              | INPUT     | LVCMOS25             |       |          |      |              |          |          |
| Write_Data<4>                      | IOB              | INPUT     | LVCMOS25             |       |          |      |              |          |          |
| Write_Data<5>                      | IOB              | INPUT     | LVCMOS25             |       |          |      |              |          |          |
| Write_Data<6>                      | IOB              | INPUT     | LVCMOS25             |       |          |      |              |          |          |
| Write_Data<7>                      | IOB              | INPUT     | LVCMOS25             |       |          |      |              |          |          |
| Write_Data<8>                      | IOB              | INPUT     | LVCMOS25             |       |          |      |              |          |          |
| Write_Data<9>                      | IOB              | INPUT     | LVCMOS25             |       |          |      |              |          |          |
| Write_Data<10>                     | IOB              | INPUT     | LVCMOS25             |       |          |      |              |          |          |
| Write_Data<11>                     | IOB              | INPUT     | LVCMOS25             |       |          |      |              |          |          |
| Write_Data<12>                     | IOB              | INPUT     | LVCMOS25             |       |          |      |              |          |          |
| Write_Data<13>                     | IOB              | INPUT     | LVCMOS25             |       |          |      |              |          |          |
| Write_Data<14>                     | IOB              | INPUT     | LVCMOS25             |       |          |      |              |          |          |
| Write_Data<15>                     | IOB              | INPUT     | LVCMOS25             |       |          |      |              |          |          |
| Write_Data<16>                     | IOB              | INPUT     | LVCMOS25             |       |          |      |              |          |          |
| Write_Data<17>                     | IOB              | INPUT     | LVCMOS25             |       |          |      |              |          |          |
| Write_Data<18>                     | IOB              | INPUT     | LVCMOS25             |       |          |      |              |          |          |
| Write_Data<19>                     | IOB              | INPUT     | LVCMOS25             |       |          |      |              |          |          |
| Write_Data<20>                     | IOB              | INPUT     | LVCMOS25             |       |          |      |              |          |          |
| Write_Data<21>                     | IOB              | INPUT     | LVCMOS25             |       |          |      |              |          |          |
| Write_Data<22>                     | IOB              | INPUT     | LVCMOS25             |       |          |      |              |          |          |
| Write_Data<23>                     | IOB              | INPUT     | LVCMOS25             |       |          |      |              |          |          |
| Write_Data<24>                     | IOB              | INPUT     | LVCMOS25             |       |          |      |              |          |          |
| Write_Data<25>                     | IOB              | INPUT     | LVCMOS25             |       |          |      |              |          |          |
| Write_Data<26>                     | IOB              | INPUT     | LVCMOS25             |       |          |      |              |          |          |
| Write_Data<27>                     | IOB              | INPUT     | LVCMOS25             |       |          |      |              |          |          |
| Write_Data<28>                     | IOB              | INPUT     | LVCMOS25             |       |          |      |              |          |          |
| Write_Data<29>                     | IOB              | INPUT     | LVCMOS25             |       |          |      |              |          |          |
| Write_Data<30>                     | IOB              | INPUT     | LVCMOS25             |       |          |      |              |          |          |
| Write_Data<31>                     | IOB              | INPUT     | LVCMOS25             |       |          |      |              |          |          |
+---------------------------------------------------------------------------------------------------------------------------------------------------------+

Section 7 - RPMs
----------------

Section 8 - Guide Report
------------------------
Guide not run on this design.

Section 9 - Area Group and Partition Summary
--------------------------------------------

Partition Implementation Status
-------------------------------

  No Partitions were found in this design.

-------------------------------

Area Group Information
----------------------

  No area groups were found in this design.

----------------------

Section 10 - Timing Report
--------------------------
A logic-level (pre-route) timing report can be generated by using Xilinx static
timing analysis tools, Timing Analyzer (GUI) or TRCE (command line), with the
mapped NCD and PCF files. Please note that this timing report will be generated
using estimated delay information. For accurate numbers, please generate a
timing report with the post Place and Route NCD file.

For more information about the Timing Analyzer, consult the Xilinx Timing
Analyzer Reference Manual; for more information about TRCE, consult the Xilinx
Command Line Tools User Guide "TRACE" chapter.

Section 11 - Configuration String Details
-----------------------------------------
Use the "-detail" map option to print out Configuration Strings

Section 12 - Control Set Information
------------------------------------
Use the "-detail" map option to print out Control Set Information.

Section 13 - Utilization by Hierarchy
-------------------------------------
Use the "-detail" map option to print out the Utilization by Hierarchy section.
