Running: C:\Xilinx\14.7\ISE_DS\ISE\bin\nt64\unwrapped\fuse.exe -intstyle ise -incremental -lib unisims_ver -lib unimacro_ver -lib xilinxcorelib_ver -lib secureip -o C:/Users/HO_win7/Documents/FPGA/subject2/tb_fourbitAdder_isim_beh.exe -prj C:/Users/HO_win7/Documents/FPGA/subject2/tb_fourbitAdder_beh.prj work.tb_fourbitAdder work.glbl 
ISim P.20131013 (signature 0x7708f090)
Number of CPUs detected in this system: 4
Turning on mult-threading, number of parallel sub-compilation jobs: 8 
Determining compilation order of HDL files
Analyzing Verilog file "C:/Users/HO_win7/Documents/FPGA/subject2/onebitAdder.v" into library work
Analyzing Verilog file "C:/Users/HO_win7/Documents/FPGA/subject2/fourbitAdder.v" into library work
Analyzing Verilog file "C:/Users/HO_win7/Documents/FPGA/subject2/tb_fourbitAdder.v" into library work
Analyzing Verilog file "C:/Xilinx/14.7/ISE_DS/ISE//verilog/src/glbl.v" into library work
Starting static elaboration
WARNING:HDLCompiler:189 - "C:/Users/HO_win7/Documents/FPGA/subject2/tb_fourbitAdder.v" Line 41: Size mismatch in connection of port <ci>. Formal port size is 1-bit while actual signal size is 4-bit.
Completed static elaboration
Compiling module onebitAdder
Compiling module fourbitAdder
Compiling module tb_fourbitAdder
Compiling module glbl
Time Resolution for simulation is 1ps.
Waiting for 1 sub-compilation(s) to finish...
Compiled 4 Verilog Units
Built simulation executable C:/Users/HO_win7/Documents/FPGA/subject2/tb_fourbitAdder_isim_beh.exe
Fuse Memory Usage: 28536 KB
Fuse CPU Usage: 421 ms
