Release 14.7 - xst P.20131013 (nt64)
Copyright (c) 1995-2013 Xilinx, Inc.  All rights reserved.
--> Parameter TMPDIR set to xst/projnav.tmp


Total REAL time to Xst completion: 0.00 secs
Total CPU time to Xst completion: 0.13 secs
 
--> Parameter xsthdpdir set to xst


Total REAL time to Xst completion: 0.00 secs
Total CPU time to Xst completion: 0.13 secs
 
--> Reading design: MIPS.prj

TABLE OF CONTENTS
  1) Synthesis Options Summary
  2) HDL Parsing
  3) HDL Elaboration
  4) HDL Synthesis
       4.1) HDL Synthesis Report
  5) Advanced HDL Synthesis
       5.1) Advanced HDL Synthesis Report
  6) Low Level Synthesis
  7) Partition Report
  8) Design Summary
       8.1) Primitive and Black Box Usage
       8.2) Device utilization summary
       8.3) Partition Resource Summary
       8.4) Timing Report
            8.4.1) Clock Information
            8.4.2) Asynchronous Control Signals Information
            8.4.3) Timing Summary
            8.4.4) Timing Details
            8.4.5) Cross Clock Domains Report


=========================================================================
*                      Synthesis Options Summary                        *
=========================================================================
---- Source Parameters
Input File Name                    : "MIPS.prj"
Ignore Synthesis Constraint File   : NO

---- Target Parameters
Output File Name                   : "MIPS"
Output Format                      : NGC
Target Device                      : xc6slx9-2-tqg144

---- Source Options
Top Module Name                    : MIPS
Automatic FSM Extraction           : YES
FSM Encoding Algorithm             : Auto
Safe Implementation                : No
FSM Style                          : LUT
RAM Extraction                     : Yes
RAM Style                          : Auto
ROM Extraction                     : Yes
Shift Register Extraction          : YES
ROM Style                          : Auto
Resource Sharing                   : YES
Asynchronous To Synchronous        : NO
Shift Register Minimum Size        : 2
Use DSP Block                      : Auto
Automatic Register Balancing       : No

---- Target Options
LUT Combining                      : Auto
Reduce Control Sets                : Auto
Add IO Buffers                     : YES
Global Maximum Fanout              : 100000
Add Generic Clock Buffer(BUFG)     : 16
Register Duplication               : YES
Optimize Instantiated Primitives   : NO
Use Clock Enable                   : Auto
Use Synchronous Set                : Auto
Use Synchronous Reset              : Auto
Pack IO Registers into IOBs        : Auto
Equivalent register Removal        : YES

---- General Options
Optimization Goal                  : Speed
Optimization Effort                : 1
Power Reduction                    : NO
Keep Hierarchy                     : No
Netlist Hierarchy                  : As_Optimized
RTL Output                         : Yes
Global Optimization                : AllClockNets
Read Cores                         : YES
Write Timing Constraints           : NO
Cross Clock Analysis               : NO
Hierarchy Separator                : /
Bus Delimiter                      : <>
Case Specifier                     : Maintain
Slice Utilization Ratio            : 100
BRAM Utilization Ratio             : 100
DSP48 Utilization Ratio            : 100
Auto BRAM Packing                  : NO
Slice Utilization Ratio Delta      : 5

=========================================================================


=========================================================================
*                          HDL Parsing                                  *
=========================================================================
Analyzing Verilog file "C:\Users\HO_win7\Documents\FPGA\Advanced_withj\Advancedwithj\PC.v" into library work
Parsing module <PC_reg>.
Analyzing Verilog file "C:\Users\HO_win7\Documents\FPGA\Advanced_withj\Advancedwithj\Mux.v" into library work
Parsing module <MUX>.
Parsing module <MUX_4>.
Parsing module <MUX_3>.
Parsing module <MUX_33>.
Analyzing Verilog file "C:\Users\HO_win7\Documents\FPGA\Advanced_withj\Advancedwithj\Memory.v" into library work
Parsing module <data_memory>.
Analyzing Verilog file "C:\Users\HO_win7\Documents\FPGA\Advanced_withj\Advancedwithj\instructionMemory.v" into library work
Parsing module <instruction_memory>.
Analyzing Verilog file "C:\Users\HO_win7\Documents\FPGA\Advanced_withj\Advancedwithj\hazard_detection_unit.v" into library work
Parsing module <hazard_detection>.
Analyzing Verilog file "C:\Users\HO_win7\Documents\FPGA\Advanced_withj\Advancedwithj\forwarding_unit.v" into library work
Parsing module <forwarding_unit>.
Analyzing Verilog file "C:\Users\HO_win7\Documents\FPGA\Advanced_withj\Advancedwithj\flipflop.v" into library work
Parsing module <FF>.
Parsing module <FFIFID>.
Analyzing Verilog file "C:\Users\HO_win7\Documents\FPGA\Advanced_withj\Advancedwithj\Control_unit.v" into library work
Parsing module <control_unit>.
Parsing module <ALU_Ctrl>.
Analyzing Verilog file "C:\Users\HO_win7\Documents\FPGA\Advanced_withj\Advancedwithj\ALU.v" into library work
Parsing module <ALU>.
Analyzing Verilog file "C:\Users\HO_win7\Documents\FPGA\Advanced_withj\Advancedwithj\Stages.v" into library work
Parsing module <IF>.
Parsing module <ID>.
Parsing module <EXE>.
Parsing module <MEM>.
Parsing module <WB>.
Analyzing Verilog file "C:\Users\HO_win7\Documents\FPGA\Advanced_withj\Advancedwithj\Registers.v" into library work
Parsing module <reg_IFID>.
Parsing module <reg_IDEXE>.
Parsing module <reg_EXEMEM>.
Parsing module <reg_MEMWB>.
Analyzing Verilog file "C:\Users\HO_win7\Documents\FPGA\Advanced_withj\Advancedwithj\clk.v" into library work
Parsing module <clk_div>.
Analyzing Verilog file "C:\Users\HO_win7\Documents\FPGA\Advanced_withj\Advancedwithj\MIPS.v" into library work
Parsing module <MIPS>.

=========================================================================
*                            HDL Elaboration                            *
=========================================================================

Elaborating module <MIPS>.

Elaborating module <clk_div>.
WARNING:HDLCompiler:413 - "C:\Users\HO_win7\Documents\FPGA\Advanced_withj\Advancedwithj\clk.v" Line 21: Result of 32-bit expression is truncated to fit in 31-bit target.

Elaborating module <IF>.

Elaborating module <MUX_3>.

Elaborating module <MUX>.

Elaborating module <PC_reg>.

Elaborating module <instruction_memory>.
WARNING:HDLCompiler:634 - "C:\Users\HO_win7\Documents\FPGA\Advanced_withj\Advancedwithj\instructionMemory.v" Line 13: Net <mem_Inst_data[48][31]> does not have a driver.

Elaborating module <ID>.
WARNING:HDLCompiler:413 - "C:\Users\HO_win7\Documents\FPGA\Advanced_withj\Advancedwithj\Stages.v" Line 84: Result of 32-bit expression is truncated to fit in 1-bit target.

Elaborating module <control_unit>.

Elaborating module <hazard_detection>.

Elaborating module <EXE>.

Elaborating module <ALU_Ctrl>.

Elaborating module <ALU>.
WARNING:HDLCompiler:1127 - "C:\Users\HO_win7\Documents\FPGA\Advanced_withj\Advancedwithj\Stages.v" Line 198: Assignment to zero ignored, since the identifier is never used

Elaborating module <forwarding_unit>.

Elaborating module <MEM>.
WARNING:HDLCompiler:1127 - "C:\Users\HO_win7\Documents\FPGA\Advanced_withj\Advancedwithj\Stages.v" Line 226: Assignment to Branch ignored, since the identifier is never used

Elaborating module <data_memory>.
WARNING:HDLCompiler:91 - "C:\Users\HO_win7\Documents\FPGA\Advanced_withj\Advancedwithj\Memory.v" Line 45: Signal <MemRead> missing in the sensitivity list is added for synthesis purposes. HDL and post-synthesis simulations may differ as a result.
WARNING:HDLCompiler:91 - "C:\Users\HO_win7\Documents\FPGA\Advanced_withj\Advancedwithj\Memory.v" Line 46: Signal <Write_Data> missing in the sensitivity list is added for synthesis purposes. HDL and post-synthesis simulations may differ as a result.

Elaborating module <WB>.

Elaborating module <MUX_4>.

Elaborating module <FF>.

Elaborating module <MUX_33>.

Elaborating module <reg_IFID>.

Elaborating module <FFIFID>.

Elaborating module <reg_IDEXE>.

Elaborating module <reg_EXEMEM>.

Elaborating module <reg_MEMWB>.
ERROR:HDLCompiler:636 - "C:\Users\HO_win7\Documents\FPGA\Advanced_withj\Advancedwithj\MIPS.v" Line 34: Net <clk> is already driven by input port <cclk>.
INFO - You can change the severity of this error message to warning using switch -change_error_to_warning "HDLCompiler:636"
Driver 0: clk_div/clk_op driven by output signal clk_op of instance Flip-Flop (clk_div).
Module MIPS remains a blackbox, due to errors in its contents
WARNING:HDLCompiler:1499 - "C:\Users\HO_win7\Documents\FPGA\Advanced_withj\Advancedwithj\MIPS.v" Line 21: Empty module <MIPS> remains a black box.
--> 

Total memory usage is 237228 kilobytes

Number of errors   :    1 (   0 filtered)
Number of warnings :    8 (   0 filtered)
Number of infos    :    0 (   0 filtered)

