Command line:
   tb_counter_isim_beh.exe
     -simmode  gui
     -simrunnum  0
     -socket  49422

Wed Mar 31 15:38:36 2021


 Elaboration Time: 0.03125 sec

 Current Memory Usage: 670.949 Meg

 Total Signals          : 16
 Total Nets             : 16
 Total Signal Drivers   : 8
 Total Blocks           : 3
 Total Primitive Blocks : 2
 Total Processes        : 12
 Total Traceable Variables  : 23
 Total Scalar Nets and Variables : 135
Total Line Count : 28

 Total Simulation Time: 0.109375 sec

 Current Memory Usage: 670.949 Meg

Wed Mar 31 15:42:43 2021

