Command line:
   tb_fourbitAdder_isim_beh.exe
     -simmode  gui
     -simrunnum  0
     -socket  52759

Fri May 07 01:53:38 2021


 Elaboration Time: 0.046875 sec

 Current Memory Usage: 670.446 Meg

 Total Signals          : 43
 Total Nets             : 30
 Total Signal Drivers   : 16
 Total Blocks           : 7
 Total Primitive Blocks : 5
 Total Processes        : 18
 Total Traceable Variables  : 22
 Total Scalar Nets and Variables : 154
Total Line Count : 29

 Total Simulation Time: 0.046875 sec

 Current Memory Usage: 670.446 Meg

Fri May 07 01:53:55 2021

