Command line:
   tb_mux41_case_isim_beh.exe
     -simmode  gui
     -simrunnum  0
     -socket  49207

Mon Mar 29 18:36:40 2021


 Elaboration Time: 0.046875 sec

 Current Memory Usage: 670.949 Meg

 Total Signals          : 19
 Total Nets             : 35
 Total Signal Drivers   : 11
 Total Blocks           : 3
 Total Primitive Blocks : 2
 Total Processes        : 16
 Total Traceable Variables  : 24
 Total Scalar Nets and Variables : 137
Total Line Count : 33

 Total Simulation Time: 0.875 sec

 Current Memory Usage: 670.949 Meg

Mon Mar 29 18:44:03 2021

