Command line:
   tb_ALU_1bit_isim_beh.exe
     -simmode  gui
     -simrunnum  0
     -socket  49212

Mon Apr 26 18:25:51 2021


 Elaboration Time: 0.046875 sec

 Current Memory Usage: 666.755 Meg

 Total Signals          : 23
 Total Nets             : 23
 Total Signal Drivers   : 13
 Total Blocks           : 3
 Total Primitive Blocks : 2
 Total Processes        : 17
 Total Traceable Variables  : 27
 Total Scalar Nets and Variables : 112
Total Line Count : 84

 Total Simulation Time: 0.46875 sec

 Current Memory Usage: 666.755 Meg

Mon Apr 26 18:26:17 2021

